c:\users\pan39\desktop\qt\serupdate\serupdate\debug\serec.obj
c:\users\pan39\desktop\qt\serupdate\serupdate\debug\main.obj
c:\users\pan39\desktop\qt\serupdate\serupdate\debug\serupdate.obj
c:\users\pan39\desktop\qt\serupdate\serupdate\debug\serportlist.obj
c:\users\pan39\desktop\qt\serupdate\serupdate\debug\vc142.pdb
c:\users\pan39\desktop\qt\serupdate\serupdate\debug\moc_serportlist.obj
c:\users\pan39\desktop\qt\serupdate\serupdate\debug\qrc_serupdate.obj
c:\users\pan39\desktop\qt\serupdate\serupdate\debug\moc_serec.obj
c:\users\pan39\desktop\qt\serupdate\serupdate\debug\moc_serupdate.obj
c:\users\pan39\desktop\qt\serupdate\serupdate\debug\ispprogram.obj
c:\users\pan39\desktop\qt\serupdate\serupdate\debug\moc_ispprogram.obj
c:\users\pan39\desktop\qt\serupdate\debug\serupdate.exe
c:\users\pan39\desktop\qt\serupdate\debug\serupdate.ilk
c:\users\pan39\desktop\qt\serupdate\debug\serupdate.pdb
c:\users\pan39\desktop\qt\serupdate\serupdate\debug\moc\moc_serupdate.cpp
c:\users\pan39\desktop\qt\serupdate\serupdate\debug\moc\moc_serec.cpp
c:\users\pan39\desktop\qt\serupdate\serupdate\debug\moc\moc_serportlist.cpp
c:\users\pan39\desktop\qt\serupdate\serupdate\debug\moc\moc_ispprogram.cpp
c:\users\pan39\desktop\qt\serupdate\serupdate\debug\rcc\qrc_serupdate.cpp
c:\users\pan39\desktop\qt\serupdate\serupdate\debug\uic\ui_serupdate.h
c:\users\pan39\desktop\qt\serupdate\serupdate\debug\serupdate.tlog\cl.command.1.tlog
c:\users\pan39\desktop\qt\serupdate\serupdate\debug\serupdate.tlog\cl.read.1.tlog
c:\users\pan39\desktop\qt\serupdate\serupdate\debug\serupdate.tlog\cl.write.1.tlog
c:\users\pan39\desktop\qt\serupdate\serupdate\debug\serupdate.tlog\link.command.1.tlog
c:\users\pan39\desktop\qt\serupdate\serupdate\debug\serupdate.tlog\link.read.1.tlog
c:\users\pan39\desktop\qt\serupdate\serupdate\debug\serupdate.tlog\link.write.1.tlog
c:\users\pan39\desktop\qt\serupdate\serupdate\debug\serupdate.tlog\moc.read.1u.tlog
c:\users\pan39\desktop\qt\serupdate\serupdate\debug\serupdate.tlog\moc.write.1u.tlog
c:\users\pan39\desktop\qt\serupdate\serupdate\debug\serupdate.tlog\rcc.read.1u.tlog
c:\users\pan39\desktop\qt\serupdate\serupdate\debug\serupdate.tlog\rcc.write.1u.tlog
c:\users\pan39\desktop\qt\serupdate\serupdate\debug\serupdate.tlog\serupdate.write.1u.tlog
c:\users\pan39\desktop\qt\serupdate\serupdate\debug\serupdate.tlog\uic.read.1u.tlog
c:\users\pan39\desktop\qt\serupdate\serupdate\debug\serupdate.tlog\uic.write.1u.tlog
